NETBIOS_NAME=PROKUSHEVSV
ADAPTER_DEVICE_ID=PCI\VEN_10DE&DEV_0400&SUBSYS_00000000&REV_A1
ADAPTER_REGISTRY_KEY=System\CurrentControlSet\Control\Video\{6C6D1946-0F3D-46A9-A985-30FE32FE45BB}\0000
ADAPTER_NAME=GeForce 8600 GTS
ADAPTER_MANUFACTURER=NVIDIA
ADAPTER_ATTACHED=1
ADAPTER_PRIMARY=1
ADAPTER_DRIVER_DATE=14.05.2009
ADAPTER_DRIVER_VERSION=8.15.11.8593
ADAPTER_HARDWARE_VERSION=Version 60.84.32.0.0
ADAPTER_HARDWARE_MEMORY=512
MONITOR_DEVICE_ID=MONITOR\HWP26E7\{4d36e96e-e325-11ce-bfc1-08002be10318}\0001
MONITOR_REGISTRY_KEY=System\CurrentControlSet\Control\Class\{4d36e96e-e325-11ce-bfc1-08002be10318}\0001
MONITOR_NAME=HP L1950
MONITOR_MANUFACTURER=HWP
MONITOR_ATTACHED=1
MONITOR_PRIMARY=0
MONITOR_DRIVER_DATE=21.06.2006
MONITOR_DRIVER_VERSION=6.1.7600.16385
MONITOR_SERIAL_NUMBER=CNK8260JFG
MONITOR_HARDWARE_DATE=23.06.2008
MONITOR_IMAGE_SIZE=38 см x 30 см = 19"
MONITOR_RESOLUTION=1280 x 1024

